<?xml version="1.0" encoding="UTF-8"?>
<!-- Generated by org.testng.reporters.JUnitReportReporter -->
<testsuite hostname="LAPTOP-LJ2EJ257" failures="0" tests="2" name="com.qa.testLayer.SellShareScenario" time="93.481" errors="0" timestamp="2022-09-07T14:06:07 IST" skipped="0">
  <testcase classname="com.qa.testLayer.SellShareScenario" name="VerifySellShareScenario" time="45.685"/>
  <system-out/>
  <testcase classname="com.qa.testLayer.SellShareScenario" name="VerifySellShareScenario" time="47.796"/>
  <system-out/>
</testsuite> <!-- com.qa.testLayer.SellShareScenario -->
